<?xml version="1.0" encoding="UTF-8"?>
<!-- Generated by org.testng.reporters.JUnitReportReporter -->
<testsuite hostname="LAPTOP-G3VG284G" failures="0" tests="1" name="demo2.VerifyTitle" time="0.009" errors="0" timestamp="2023-07-13T10:47:07 IST" skipped="0">
  <testcase classname="demo2.VerifyTitle" name="titleVerification" time="0.009"/>
</testsuite> <!-- demo2.VerifyTitle -->
