<?xml version="1.0" encoding="UTF-8"?>
<!-- Generated by org.testng.reporters.JUnitReportReporter -->
<testsuite hostname="LAPTOP-G3VG284G" failures="0" tests="3" name="demo2.GroupingDemo" time="0.015" errors="0" timestamp="2023-07-13T11:45:33 IST" skipped="0">
  <testcase classname="demo2.GroupingDemo" name="Car1" time="0.011"/>
  <testcase classname="demo2.GroupingDemo" name="Car3" time="0.002"/>
  <testcase classname="demo2.GroupingDemo" name="Care" time="0.002"/>
</testsuite> <!-- demo2.GroupingDemo -->
